<?xml version="1.0" encoding="UTF-8"?>
<!-- Generated by org.testng.reporters.JUnitReportReporter -->
<testsuite hostname="MSI" failures="0" tests="1" name="TestNgFiles.AppleSupportTest" time="10.500" errors="0" timestamp="2024-06-27T23:44:34 IST" skipped="0">
  <testcase classname="TestNgFiles.AppleSupportTest" name="case3" time="10.500"/>
</testsuite> <!-- TestNgFiles.AppleSupportTest -->
