<?xml version="1.0" encoding="UTF-8"?>
<!-- Generated by org.testng.reporters.JUnitReportReporter -->
<testsuite hostname="MSI" failures="0" tests="1" name="restAssuredFiles.AppleSupportRest" time="6.609" errors="0" timestamp="2024-07-12T10:31:40 IST" skipped="0">
  <testcase classname="restAssuredFiles.AppleSupportRest" name="authentication" time="6.609"/>
</testsuite> <!-- restAssuredFiles.AppleSupportRest -->
