<?xml version="1.0" encoding="UTF-8"?>
<!-- Generated by org.testng.reporters.JUnitReportReporter -->
<testsuite hostname="MSI" failures="0" tests="1" name="restAssuredFiles.APITesting" time="2.964" errors="0" timestamp="2024-07-12T15:25:26 IST" skipped="0">
  <testcase classname="restAssuredFiles.APITesting" name="testData" time="2.964"/>
</testsuite> <!-- restAssuredFiles.APITesting -->
