<?xml version="1.0" encoding="UTF-8"?>
<!-- Generated by org.testng.reporters.JUnitReportReporter -->
<testsuite hostname="MSI" failures="0" tests="1" name="TestNgFiles.IframeTest" time="2.160" errors="0" timestamp="2024-05-25T22:06:27 IST" skipped="0">
  <testcase classname="TestNgFiles.IframeTest" name="testIframe" time="2.160"/>
</testsuite> <!-- TestNgFiles.IframeTest -->
