<?xml version="1.0" encoding="UTF-8"?>
<!-- Generated by org.testng.reporters.JUnitReportReporter -->
<testsuite hostname="MSI" failures="0" tests="2" name="stepDefinations.TestNGRunner" time="10.920" errors="0" timestamp="2024-06-19T11:59:34 IST" skipped="0">
  <testcase classname="stepDefinations.TestNGRunner" name="runScenario" time="7.260"/>
  <testcase classname="stepDefinations.TestNGRunner" name="runScenario" time="3.660"/>
</testsuite> <!-- stepDefinations.TestNGRunner -->
