<?xml version="1.0" encoding="UTF-8"?>
<!-- Generated by org.testng.reporters.JUnitReportReporter -->
<testsuite hostname="MSI" failures="0" tests="3" name="TestNgFiles.AppleSupport" time="11.905" errors="0" timestamp="2024-05-25T15:05:05 IST" skipped="0">
  <testcase classname="TestNgFiles.AppleSupport" name="verify_apple_support_headers" time="0.764"/>
  <testcase classname="TestNgFiles.AppleSupport" name="verify_all_menu_headers" time="0.758"/>
  <testcase classname="TestNgFiles.AppleSupport" name="user_enters_search_criteria_as_and_select_appropriate_option" time="10.383"/>
</testsuite> <!-- TestNgFiles.AppleSupport -->
