<?xml version="1.0" encoding="UTF-8"?>
<!-- Generated by org.testng.reporters.JUnitReportReporter -->
<testsuite hostname="MSI" failures="0" tests="1" name="tests.AppleSupport" time="0.119" errors="0" timestamp="2024-05-24T19:29:14 IST" skipped="0">
  <testcase classname="tests.AppleSupport" name="test2" time="0.119"/>
</testsuite> <!-- tests.AppleSupport -->
